<?xml version="1.0" encoding="UTF-8"?>
<robot generator="Robot 7.4 (Python 3.14.2 on win32)" generated="2025-12-19T19:05:59.833112" rpa="false" schemaversion="5">
<suite id="s1" name="Primeiro Teste" source="C:\Users\arthu\OneDrive\Documentos\Conversor NZ\primeiro_teste.robot">
<test id="s1-t1" name="Abrir Site da Imigracao NZ" line="5">
<kw name="Open Browser" owner="SeleniumLibrary">
<msg time="2025-12-19T19:06:00.018186" level="INFO">Opening browser 'chrome' to base url 'https://www.immigration.govt.nz/'.</msg>
<arg>https://www.immigration.govt.nz/</arg>
<arg>chrome</arg>
<doc>Opens a new browser instance to the optional ``url``.</doc>
<status status="PASS" start="2025-12-19T19:06:00.018009" elapsed="4.590266"/>
</kw>
<kw name="Title Should Be" owner="SeleniumLibrary">
<msg time="2025-12-19T19:06:07.009892" level="INFO" html="true">&lt;/td&gt;&lt;/tr&gt;&lt;tr&gt;&lt;td colspan="3"&gt;&lt;a href="selenium-screenshot-1.png"&gt;&lt;img src="selenium-screenshot-1.png" width="800px"&gt;&lt;/a&gt;</msg>
<msg time="2025-12-19T19:06:07.010148" level="FAIL">Title should have been 'New Zealand Immigration | New Zealand Immigration' but was 'Immigration New Zealand :: Immigration New Zealand'.</msg>
<arg>New Zealand Immigration | New Zealand Immigration</arg>
<doc>Verifies that the current page title equals ``title``.</doc>
<status status="FAIL" start="2025-12-19T19:06:04.610500" elapsed="2.401355">Title should have been 'New Zealand Immigration | New Zealand Immigration' but was 'Immigration New Zealand :: Immigration New Zealand'.</status>
</kw>
<kw name="Close Browser" owner="SeleniumLibrary">
<doc>Closes the current browser.</doc>
<status status="NOT RUN" start="2025-12-19T19:06:07.012168" elapsed="0.000046"/>
</kw>
<status status="FAIL" start="2025-12-19T19:06:00.017250" elapsed="6.995163">Title should have been 'New Zealand Immigration | New Zealand Immigration' but was 'Immigration New Zealand :: Immigration New Zealand'.</status>
</test>
<status status="FAIL" start="2025-12-19T19:05:59.835029" elapsed="7.177941"/>
</suite>
<statistics>
<total>
<stat pass="0" fail="1" skip="0">All Tests</stat>
</total>
<tag>
</tag>
<suite>
<stat name="Primeiro Teste" id="s1" pass="0" fail="1" skip="0">Primeiro Teste</stat>
</suite>
</statistics>
<errors>
</errors>
</robot>
